
==========================================================================
floorplan final report_tns
--------------------------------------------------------------------------
tns 0.00

==========================================================================
floorplan final report_wns
--------------------------------------------------------------------------
wns 0.00

==========================================================================
floorplan final report_worst_slack
--------------------------------------------------------------------------
worst slack 99.78

==========================================================================
floorplan final report_checks -path_delay min
--------------------------------------------------------------------------
Startpoint: reset_n_i (input port clocked by core_clock)
Endpoint: counter_0.n18_q[0]$_DFF_PN0_
          (removal check against rising-edge clock core_clock)
Path Group: asynchronous
Path Type: min

Fanout     Cap    Slew   Delay    Time   Description
-----------------------------------------------------------------------------
                  0.00    0.00    0.00   clock core_clock (rise edge)
                          0.00    0.00   clock network delay (ideal)
                         25.00   25.00 ^ input external delay
     4    0.03    0.00    0.00   25.00 ^ reset_n_i (in)
                                         reset_n_i (net)
                  0.00    0.00   25.00 ^ counter_0.n18_q[0]$_DFF_PN0_/RESET_B (sg13g2_dfrbp_1)
                                 25.00   data arrival time

                  0.00    0.00    0.00   clock core_clock (rise edge)
                          0.00    0.00   clock network delay (ideal)
                          0.00    0.00   clock reconvergence pessimism
                                  0.00 ^ counter_0.n18_q[0]$_DFF_PN0_/CLK (sg13g2_dfrbp_1)
                         -0.09   -0.09   library removal time
                                 -0.09   data required time
-----------------------------------------------------------------------------
                                 -0.09   data required time
                                -25.00   data arrival time
-----------------------------------------------------------------------------
                                 25.09   slack (MET)


Startpoint: counter_0.n18_q[0]$_DFF_PN0_
            (rising edge-triggered flip-flop clocked by core_clock)
Endpoint: counter_0.n18_q[0]$_DFF_PN0_
          (rising edge-triggered flip-flop clocked by core_clock)
Path Group: core_clock
Path Type: min

Fanout     Cap    Slew   Delay    Time   Description
-----------------------------------------------------------------------------
                  0.00    0.00    0.00   clock core_clock (rise edge)
                          0.00    0.00   clock network delay (ideal)
                  0.00    0.00    0.00 ^ counter_0.n18_q[0]$_DFF_PN0_/CLK (sg13g2_dfrbp_1)
     5    0.01    0.07    0.22    0.22 ^ counter_0.n18_q[0]$_DFF_PN0_/Q (sg13g2_dfrbp_1)
                                         counter_value_o[0] (net)
                  0.07    0.00    0.22 ^ _06_/A (sg13g2_inv_1)
     1    0.00    0.02    0.04    0.26 v _06_/Y (sg13g2_inv_1)
                                         counter_0.n16_o[0] (net)
                  0.02    0.00    0.26 v counter_0.n18_q[0]$_DFF_PN0_/D (sg13g2_dfrbp_1)
                                  0.26   data arrival time

                  0.00    0.00    0.00   clock core_clock (rise edge)
                          0.00    0.00   clock network delay (ideal)
                          0.00    0.00   clock reconvergence pessimism
                                  0.00 ^ counter_0.n18_q[0]$_DFF_PN0_/CLK (sg13g2_dfrbp_1)
                         -0.04   -0.04   library hold time
                                 -0.04   data required time
-----------------------------------------------------------------------------
                                 -0.04   data required time
                                 -0.26   data arrival time
-----------------------------------------------------------------------------
                                  0.30   slack (MET)



==========================================================================
floorplan final report_checks -path_delay max
--------------------------------------------------------------------------
Startpoint: reset_n_i (input port clocked by core_clock)
Endpoint: counter_0.n18_q[0]$_DFF_PN0_
          (recovery check against rising-edge clock core_clock)
Path Group: asynchronous
Path Type: max

Fanout     Cap    Slew   Delay    Time   Description
-----------------------------------------------------------------------------
                  0.00    0.00    0.00   clock core_clock (rise edge)
                          0.00    0.00   clock network delay (ideal)
                         25.00   25.00 ^ input external delay
     4    0.03    0.00    0.00   25.00 ^ reset_n_i (in)
                                         reset_n_i (net)
                  0.00    0.00   25.00 ^ counter_0.n18_q[0]$_DFF_PN0_/RESET_B (sg13g2_dfrbp_1)
                                 25.00   data arrival time

                  0.00  125.00  125.00   clock core_clock (rise edge)
                          0.00  125.00   clock network delay (ideal)
                          0.00  125.00   clock reconvergence pessimism
                                125.00 ^ counter_0.n18_q[0]$_DFF_PN0_/CLK (sg13g2_dfrbp_1)
                         -0.11  124.89   library recovery time
                                124.89   data required time
-----------------------------------------------------------------------------
                                124.89   data required time
                                -25.00   data arrival time
-----------------------------------------------------------------------------
                                 99.89   slack (MET)


Startpoint: counter_0.n18_q[0]$_DFF_PN0_
            (rising edge-triggered flip-flop clocked by core_clock)
Endpoint: counter_value_o[0] (output port clocked by core_clock)
Path Group: core_clock
Path Type: max

Fanout     Cap    Slew   Delay    Time   Description
-----------------------------------------------------------------------------
                  0.00    0.00    0.00   clock core_clock (rise edge)
                          0.00    0.00   clock network delay (ideal)
                  0.00    0.00    0.00 ^ counter_0.n18_q[0]$_DFF_PN0_/CLK (sg13g2_dfrbp_1)
     5    0.01    0.07    0.22    0.22 ^ counter_0.n18_q[0]$_DFF_PN0_/Q (sg13g2_dfrbp_1)
                                         counter_value_o[0] (net)
                  0.07    0.00    0.22 ^ counter_value_o[0] (out)
                                  0.22   data arrival time

                  0.00  125.00  125.00   clock core_clock (rise edge)
                          0.00  125.00   clock network delay (ideal)
                          0.00  125.00   clock reconvergence pessimism
                        -25.00  100.00   output external delay
                                100.00   data required time
-----------------------------------------------------------------------------
                                100.00   data required time
                                 -0.22   data arrival time
-----------------------------------------------------------------------------
                                 99.78   slack (MET)



==========================================================================
floorplan final report_checks -unconstrained
--------------------------------------------------------------------------
Startpoint: reset_n_i (input port clocked by core_clock)
Endpoint: counter_0.n18_q[0]$_DFF_PN0_
          (recovery check against rising-edge clock core_clock)
Path Group: asynchronous
Path Type: max

Fanout     Cap    Slew   Delay    Time   Description
-----------------------------------------------------------------------------
                  0.00    0.00    0.00   clock core_clock (rise edge)
                          0.00    0.00   clock network delay (ideal)
                         25.00   25.00 ^ input external delay
     4    0.03    0.00    0.00   25.00 ^ reset_n_i (in)
                                         reset_n_i (net)
                  0.00    0.00   25.00 ^ counter_0.n18_q[0]$_DFF_PN0_/RESET_B (sg13g2_dfrbp_1)
                                 25.00   data arrival time

                  0.00  125.00  125.00   clock core_clock (rise edge)
                          0.00  125.00   clock network delay (ideal)
                          0.00  125.00   clock reconvergence pessimism
                                125.00 ^ counter_0.n18_q[0]$_DFF_PN0_/CLK (sg13g2_dfrbp_1)
                         -0.11  124.89   library recovery time
                                124.89   data required time
-----------------------------------------------------------------------------
                                124.89   data required time
                                -25.00   data arrival time
-----------------------------------------------------------------------------
                                 99.89   slack (MET)


Startpoint: counter_0.n18_q[0]$_DFF_PN0_
            (rising edge-triggered flip-flop clocked by core_clock)
Endpoint: counter_value_o[0] (output port clocked by core_clock)
Path Group: core_clock
Path Type: max

Fanout     Cap    Slew   Delay    Time   Description
-----------------------------------------------------------------------------
                  0.00    0.00    0.00   clock core_clock (rise edge)
                          0.00    0.00   clock network delay (ideal)
                  0.00    0.00    0.00 ^ counter_0.n18_q[0]$_DFF_PN0_/CLK (sg13g2_dfrbp_1)
     5    0.01    0.07    0.22    0.22 ^ counter_0.n18_q[0]$_DFF_PN0_/Q (sg13g2_dfrbp_1)
                                         counter_value_o[0] (net)
                  0.07    0.00    0.22 ^ counter_value_o[0] (out)
                                  0.22   data arrival time

                  0.00  125.00  125.00   clock core_clock (rise edge)
                          0.00  125.00   clock network delay (ideal)
                          0.00  125.00   clock reconvergence pessimism
                        -25.00  100.00   output external delay
                                100.00   data required time
-----------------------------------------------------------------------------
                                100.00   data required time
                                 -0.22   data arrival time
-----------------------------------------------------------------------------
                                 99.78   slack (MET)



==========================================================================
floorplan final report_power
--------------------------------------------------------------------------
Group                  Internal  Switching    Leakage      Total
                          Power      Power      Power      Power (Watts)
----------------------------------------------------------------
Sequential             1.67e-06   0.00e+00   2.05e-09   1.68e-06 100.0%
Combinational          0.00e+00   0.00e+00   7.54e-10   7.54e-10   0.0%
Clock                  0.00e+00   0.00e+00   0.00e+00   0.00e+00   0.0%
Macro                  0.00e+00   0.00e+00   0.00e+00   0.00e+00   0.0%
Pad                    0.00e+00   0.00e+00   0.00e+00   0.00e+00   0.0%
----------------------------------------------------------------
Total                  1.67e-06   0.00e+00   2.81e-09   1.68e-06 100.0%
                          99.8%       0.0%       0.2%
