
==========================================================================
global place report_tns
--------------------------------------------------------------------------
tns max 0.00

==========================================================================
global place report_wns
--------------------------------------------------------------------------
wns max 0.00

==========================================================================
global place report_worst_slack
--------------------------------------------------------------------------
worst slack max 99.50

==========================================================================
global place report_checks -path_delay min
--------------------------------------------------------------------------
Startpoint: reset_n_i (input port clocked by clock_i)
Endpoint: counter_0/n20[0]$_DFFE_PP0P_
          (removal check against rising-edge clock clock_i)
Path Group: asynchronous
Path Type: min

Fanout     Cap    Slew   Delay    Time   Description
-----------------------------------------------------------------------------
                  0.00    0.00    0.00   clock clock_i (rise edge)
                          0.00    0.00   clock network delay (ideal)
                         25.00   25.00 ^ input external delay
     1    0.01    0.00    0.00   25.00 ^ reset_n_i (in)
                                         reset_n_i (net)
                  0.00    0.00   25.00 ^ input2/A (sg13g2_buf_1)
     1    0.01    0.03    0.06   25.06 ^ input2/X (sg13g2_buf_1)
                                         net2 (net)
                  0.03    0.00   25.06 ^ _0_/A (sg13g2_inv_2)
     1    0.01    0.03    0.03   25.09 v _0_/Y (sg13g2_inv_2)
                                         n1 (net)
                  0.03    0.00   25.09 v counter_0/_12_/A (sg13g2_inv_4)
     4    0.03    0.04    0.04   25.13 ^ counter_0/_12_/Y (sg13g2_inv_4)
                                         counter_0/_00_ (net)
                  0.04    0.00   25.13 ^ counter_0/n20[0]$_DFFE_PP0P_/RESET_B (sg13g2_dfrbp_1)
                                 25.13   data arrival time

                  0.00    0.00    0.00   clock clock_i (rise edge)
                          0.00    0.00   clock network delay (ideal)
                          0.00    0.00   clock reconvergence pessimism
                                  0.00 ^ counter_0/n20[0]$_DFFE_PP0P_/CLK (sg13g2_dfrbp_1)
                         -0.11   -0.11   library removal time
                                 -0.11   data required time
-----------------------------------------------------------------------------
                                 -0.11   data required time
                                -25.13   data arrival time
-----------------------------------------------------------------------------
                                 25.24   slack (MET)


Startpoint: counter_0/n20[3]$_DFFE_PP0P_
            (rising edge-triggered flip-flop clocked by clock_i)
Endpoint: counter_0/n20[3]$_DFFE_PP0P_
          (rising edge-triggered flip-flop clocked by clock_i)
Path Group: clock_i
Path Type: min

Fanout     Cap    Slew   Delay    Time   Description
-----------------------------------------------------------------------------
                  0.00    0.00    0.00   clock clock_i (rise edge)
                          0.00    0.00   clock network delay (ideal)
                  0.00    0.00    0.00 ^ counter_0/n20[3]$_DFFE_PP0P_/CLK (sg13g2_dfrbp_1)
     2    0.01    0.05    0.21    0.21 ^ counter_0/n20[3]$_DFFE_PP0P_/Q (sg13g2_dfrbp_1)
                                         net6 (net)
                  0.05    0.00    0.21 ^ counter_0/_19_/A (sg13g2_xnor2_1)
     1    0.00    0.04    0.07    0.28 v counter_0/_19_/Y (sg13g2_xnor2_1)
                                         counter_0/_04_ (net)
                  0.04    0.00    0.28 v counter_0/n20[3]$_DFFE_PP0P_/D (sg13g2_dfrbp_1)
                                  0.28   data arrival time

                  0.00    0.00    0.00   clock clock_i (rise edge)
                          0.00    0.00   clock network delay (ideal)
                          0.00    0.00   clock reconvergence pessimism
                                  0.00 ^ counter_0/n20[3]$_DFFE_PP0P_/CLK (sg13g2_dfrbp_1)
                         -0.04   -0.04   library hold time
                                 -0.04   data required time
-----------------------------------------------------------------------------
                                 -0.04   data required time
                                 -0.28   data arrival time
-----------------------------------------------------------------------------
                                  0.32   slack (MET)



==========================================================================
global place report_checks -path_delay max
--------------------------------------------------------------------------
Startpoint: reset_n_i (input port clocked by clock_i)
Endpoint: counter_0/n20[1]$_DFFE_PP0P_
          (recovery check against rising-edge clock clock_i)
Path Group: asynchronous
Path Type: max

Fanout     Cap    Slew   Delay    Time   Description
-----------------------------------------------------------------------------
                  0.00    0.00    0.00   clock clock_i (rise edge)
                          0.00    0.00   clock network delay (ideal)
                         25.00   25.00 ^ input external delay
     1    0.01    0.00    0.00   25.00 ^ reset_n_i (in)
                                         reset_n_i (net)
                  0.00    0.00   25.00 ^ input2/A (sg13g2_buf_1)
     1    0.01    0.03    0.06   25.06 ^ input2/X (sg13g2_buf_1)
                                         net2 (net)
                  0.03    0.00   25.06 ^ _0_/A (sg13g2_inv_2)
     1    0.01    0.03    0.03   25.09 v _0_/Y (sg13g2_inv_2)
                                         n1 (net)
                  0.03    0.00   25.09 v counter_0/_12_/A (sg13g2_inv_4)
     4    0.03    0.04    0.04   25.13 ^ counter_0/_12_/Y (sg13g2_inv_4)
                                         counter_0/_00_ (net)
                  0.04    0.00   25.13 ^ counter_0/n20[1]$_DFFE_PP0P_/RESET_B (sg13g2_dfrbp_1)
                                 25.13   data arrival time

                  0.00  125.00  125.00   clock clock_i (rise edge)
                          0.00  125.00   clock network delay (ideal)
                          0.00  125.00   clock reconvergence pessimism
                                125.00 ^ counter_0/n20[1]$_DFFE_PP0P_/CLK (sg13g2_dfrbp_1)
                         -0.12  124.88   library recovery time
                                124.88   data required time
-----------------------------------------------------------------------------
                                124.88   data required time
                                -25.13   data arrival time
-----------------------------------------------------------------------------
                                 99.74   slack (MET)


Startpoint: enable_i (input port clocked by clock_i)
Endpoint: counter_0/n20[3]$_DFFE_PP0P_
          (rising edge-triggered flip-flop clocked by clock_i)
Path Group: clock_i
Path Type: max

Fanout     Cap    Slew   Delay    Time   Description
-----------------------------------------------------------------------------
                  0.00    0.00    0.00   clock clock_i (rise edge)
                          0.00    0.00   clock network delay (ideal)
                         25.00   25.00 ^ input external delay
     1    0.01    0.00    0.00   25.00 ^ enable_i (in)
                                         enable_i (net)
                  0.00    0.00   25.00 ^ input1/A (sg13g2_buf_1)
     4    0.02    0.10    0.10   25.10 ^ input1/X (sg13g2_buf_1)
                                         net1 (net)
                  0.10    0.00   25.10 ^ counter_0/_18_/D (sg13g2_nand4_1)
     1    0.01    0.11    0.15   25.25 v counter_0/_18_/Y (sg13g2_nand4_1)
                                         counter_0/_07_ (net)
                  0.11    0.00   25.25 v counter_0/_19_/B (sg13g2_xnor2_1)
     1    0.00    0.04    0.12   25.37 v counter_0/_19_/Y (sg13g2_xnor2_1)
                                         counter_0/_04_ (net)
                  0.04    0.00   25.37 v counter_0/n20[3]$_DFFE_PP0P_/D (sg13g2_dfrbp_1)
                                 25.37   data arrival time

                  0.00  125.00  125.00   clock clock_i (rise edge)
                          0.00  125.00   clock network delay (ideal)
                          0.00  125.00   clock reconvergence pessimism
                                125.00 ^ counter_0/n20[3]$_DFFE_PP0P_/CLK (sg13g2_dfrbp_1)
                         -0.13  124.87   library setup time
                                124.87   data required time
-----------------------------------------------------------------------------
                                124.87   data required time
                                -25.37   data arrival time
-----------------------------------------------------------------------------
                                 99.50   slack (MET)



==========================================================================
global place report_checks -unconstrained
--------------------------------------------------------------------------
Startpoint: reset_n_i (input port clocked by clock_i)
Endpoint: counter_0/n20[1]$_DFFE_PP0P_
          (recovery check against rising-edge clock clock_i)
Path Group: asynchronous
Path Type: max

Fanout     Cap    Slew   Delay    Time   Description
-----------------------------------------------------------------------------
                  0.00    0.00    0.00   clock clock_i (rise edge)
                          0.00    0.00   clock network delay (ideal)
                         25.00   25.00 ^ input external delay
     1    0.01    0.00    0.00   25.00 ^ reset_n_i (in)
                                         reset_n_i (net)
                  0.00    0.00   25.00 ^ input2/A (sg13g2_buf_1)
     1    0.01    0.03    0.06   25.06 ^ input2/X (sg13g2_buf_1)
                                         net2 (net)
                  0.03    0.00   25.06 ^ _0_/A (sg13g2_inv_2)
     1    0.01    0.03    0.03   25.09 v _0_/Y (sg13g2_inv_2)
                                         n1 (net)
                  0.03    0.00   25.09 v counter_0/_12_/A (sg13g2_inv_4)
     4    0.03    0.04    0.04   25.13 ^ counter_0/_12_/Y (sg13g2_inv_4)
                                         counter_0/_00_ (net)
                  0.04    0.00   25.13 ^ counter_0/n20[1]$_DFFE_PP0P_/RESET_B (sg13g2_dfrbp_1)
                                 25.13   data arrival time

                  0.00  125.00  125.00   clock clock_i (rise edge)
                          0.00  125.00   clock network delay (ideal)
                          0.00  125.00   clock reconvergence pessimism
                                125.00 ^ counter_0/n20[1]$_DFFE_PP0P_/CLK (sg13g2_dfrbp_1)
                         -0.12  124.88   library recovery time
                                124.88   data required time
-----------------------------------------------------------------------------
                                124.88   data required time
                                -25.13   data arrival time
-----------------------------------------------------------------------------
                                 99.74   slack (MET)


Startpoint: enable_i (input port clocked by clock_i)
Endpoint: counter_0/n20[3]$_DFFE_PP0P_
          (rising edge-triggered flip-flop clocked by clock_i)
Path Group: clock_i
Path Type: max

Fanout     Cap    Slew   Delay    Time   Description
-----------------------------------------------------------------------------
                  0.00    0.00    0.00   clock clock_i (rise edge)
                          0.00    0.00   clock network delay (ideal)
                         25.00   25.00 ^ input external delay
     1    0.01    0.00    0.00   25.00 ^ enable_i (in)
                                         enable_i (net)
                  0.00    0.00   25.00 ^ input1/A (sg13g2_buf_1)
     4    0.02    0.10    0.10   25.10 ^ input1/X (sg13g2_buf_1)
                                         net1 (net)
                  0.10    0.00   25.10 ^ counter_0/_18_/D (sg13g2_nand4_1)
     1    0.01    0.11    0.15   25.25 v counter_0/_18_/Y (sg13g2_nand4_1)
                                         counter_0/_07_ (net)
                  0.11    0.00   25.25 v counter_0/_19_/B (sg13g2_xnor2_1)
     1    0.00    0.04    0.12   25.37 v counter_0/_19_/Y (sg13g2_xnor2_1)
                                         counter_0/_04_ (net)
                  0.04    0.00   25.37 v counter_0/n20[3]$_DFFE_PP0P_/D (sg13g2_dfrbp_1)
                                 25.37   data arrival time

                  0.00  125.00  125.00   clock clock_i (rise edge)
                          0.00  125.00   clock network delay (ideal)
                          0.00  125.00   clock reconvergence pessimism
                                125.00 ^ counter_0/n20[3]$_DFFE_PP0P_/CLK (sg13g2_dfrbp_1)
                         -0.13  124.87   library setup time
                                124.87   data required time
-----------------------------------------------------------------------------
                                124.87   data required time
                                -25.37   data arrival time
-----------------------------------------------------------------------------
                                 99.50   slack (MET)



==========================================================================
global place report_power
--------------------------------------------------------------------------
Group                  Internal  Switching    Leakage      Total
                          Power      Power      Power      Power (Watts)
----------------------------------------------------------------
Sequential             3.73e-06   3.43e-07   2.15e-09   4.08e-06  83.1%
Combinational          5.59e-07   2.67e-07   2.12e-09   8.28e-07  16.9%
Clock                  0.00e+00   0.00e+00   0.00e+00   0.00e+00   0.0%
Macro                  0.00e+00   0.00e+00   0.00e+00   0.00e+00   0.0%
Pad                    0.00e+00   0.00e+00   0.00e+00   0.00e+00   0.0%
----------------------------------------------------------------
Total                  4.29e-06   6.10e-07   4.27e-09   4.91e-06 100.0%
                          87.5%      12.4%       0.1%
