
==========================================================================
global route report_tns
--------------------------------------------------------------------------
tns 0.00

==========================================================================
global route report_wns
--------------------------------------------------------------------------
wns 0.00

==========================================================================
global route report_worst_slack
--------------------------------------------------------------------------
worst slack 99.51

==========================================================================
global route report_clock_skew
--------------------------------------------------------------------------
Clock core_clock
   0.14 source latency counter_0.n18_q[1]$_DFF_PN0_/CLK ^
  -0.14 target latency counter_0.n18_q[3]$_DFF_PN0_/CLK ^
   0.00 CRPR
--------------
  -0.00 setup skew


==========================================================================
global route report_checks -path_delay min
--------------------------------------------------------------------------
Startpoint: reset_n_i (input port clocked by core_clock)
Endpoint: counter_0.n18_q[2]$_DFF_PN0_
          (removal check against rising-edge clock core_clock)
Path Group: asynchronous
Path Type: min

Fanout     Cap    Slew   Delay    Time   Description
-----------------------------------------------------------------------------
                          0.00    0.00   clock core_clock (rise edge)
                          0.00    0.00   clock network delay (propagated)
                         25.00   25.00 ^ input external delay
     1    0.00    0.00    0.00   25.00 ^ reset_n_i (in)
                                         reset_n_i (net)
                  0.00    0.00   25.00 ^ input1/A (sg13g2_buf_2)
     4    0.03    0.07    0.09   25.09 ^ input1/X (sg13g2_buf_2)
                                         net1 (net)
                  0.07    0.00   25.09 ^ counter_0.n18_q[2]$_DFF_PN0_/RESET_B (sg13g2_dfrbp_1)
                                 25.09   data arrival time

                          0.00    0.00   clock core_clock (rise edge)
                          0.00    0.00   clock source latency
     1    0.00    0.00    0.00    0.00 ^ clock_i (in)
                                         clock_i (net)
                  0.00    0.00    0.00 ^ clkbuf_0_clock_i/A (sg13g2_buf_1)
     2    0.01    0.04    0.06    0.06 ^ clkbuf_0_clock_i/X (sg13g2_buf_1)
                                         clknet_0_clock_i (net)
                  0.04    0.00    0.06 ^ clkbuf_1_1__f_clock_i/A (sg13g2_buf_1)
     2    0.01    0.04    0.08    0.14 ^ clkbuf_1_1__f_clock_i/X (sg13g2_buf_1)
                                         clknet_1_1__leaf_clock_i (net)
                  0.04    0.00    0.14 ^ counter_0.n18_q[2]$_DFF_PN0_/CLK (sg13g2_dfrbp_1)
                          0.00    0.14   clock reconvergence pessimism
                         -0.11    0.03   library removal time
                                  0.03   data required time
-----------------------------------------------------------------------------
                                  0.03   data required time
                                -25.09   data arrival time
-----------------------------------------------------------------------------
                                 25.06   slack (MET)


Startpoint: counter_0.n18_q[0]$_DFF_PN0_
            (rising edge-triggered flip-flop clocked by core_clock)
Endpoint: counter_0.n18_q[0]$_DFF_PN0_
          (rising edge-triggered flip-flop clocked by core_clock)
Path Group: core_clock
Path Type: min

Fanout     Cap    Slew   Delay    Time   Description
-----------------------------------------------------------------------------
                          0.00    0.00   clock core_clock (rise edge)
                          0.00    0.00   clock source latency
     1    0.00    0.00    0.00    0.00 ^ clock_i (in)
                                         clock_i (net)
                  0.00    0.00    0.00 ^ clkbuf_0_clock_i/A (sg13g2_buf_1)
     2    0.01    0.04    0.06    0.06 ^ clkbuf_0_clock_i/X (sg13g2_buf_1)
                                         clknet_0_clock_i (net)
                  0.04    0.00    0.06 ^ clkbuf_1_0__f_clock_i/A (sg13g2_buf_1)
     2    0.01    0.04    0.08    0.14 ^ clkbuf_1_0__f_clock_i/X (sg13g2_buf_1)
                                         clknet_1_0__leaf_clock_i (net)
                  0.04    0.00    0.14 ^ counter_0.n18_q[0]$_DFF_PN0_/CLK (sg13g2_dfrbp_1)
     5    0.02    0.10    0.26    0.41 ^ counter_0.n18_q[0]$_DFF_PN0_/Q (sg13g2_dfrbp_1)
                                         net2 (net)
                  0.10    0.00    0.41 ^ _06_/A (sg13g2_inv_1)
     1    0.00    0.03    0.04    0.45 v _06_/Y (sg13g2_inv_1)
                                         counter_0.n16_o[0] (net)
                  0.03    0.00    0.45 v counter_0.n18_q[0]$_DFF_PN0_/D (sg13g2_dfrbp_1)
                                  0.45   data arrival time

                          0.00    0.00   clock core_clock (rise edge)
                          0.00    0.00   clock source latency
     1    0.00    0.00    0.00    0.00 ^ clock_i (in)
                                         clock_i (net)
                  0.00    0.00    0.00 ^ clkbuf_0_clock_i/A (sg13g2_buf_1)
     2    0.01    0.04    0.06    0.06 ^ clkbuf_0_clock_i/X (sg13g2_buf_1)
                                         clknet_0_clock_i (net)
                  0.04    0.00    0.06 ^ clkbuf_1_0__f_clock_i/A (sg13g2_buf_1)
     2    0.01    0.04    0.08    0.14 ^ clkbuf_1_0__f_clock_i/X (sg13g2_buf_1)
                                         clknet_1_0__leaf_clock_i (net)
                  0.04    0.00    0.14 ^ counter_0.n18_q[0]$_DFF_PN0_/CLK (sg13g2_dfrbp_1)
                          0.00    0.14   clock reconvergence pessimism
                         -0.03    0.11   library hold time
                                  0.11   data required time
-----------------------------------------------------------------------------
                                  0.11   data required time
                                 -0.45   data arrival time
-----------------------------------------------------------------------------
                                  0.34   slack (MET)



==========================================================================
global route report_checks -path_delay max
--------------------------------------------------------------------------
Startpoint: reset_n_i (input port clocked by core_clock)
Endpoint: counter_0.n18_q[0]$_DFF_PN0_
          (recovery check against rising-edge clock core_clock)
Path Group: asynchronous
Path Type: max

Fanout     Cap    Slew   Delay    Time   Description
-----------------------------------------------------------------------------
                          0.00    0.00   clock core_clock (rise edge)
                          0.00    0.00   clock network delay (propagated)
                         25.00   25.00 ^ input external delay
     1    0.00    0.00    0.00   25.00 ^ reset_n_i (in)
                                         reset_n_i (net)
                  0.00    0.00   25.00 ^ input1/A (sg13g2_buf_2)
     4    0.03    0.07    0.09   25.09 ^ input1/X (sg13g2_buf_2)
                                         net1 (net)
                  0.07    0.00   25.09 ^ counter_0.n18_q[0]$_DFF_PN0_/RESET_B (sg13g2_dfrbp_1)
                                 25.09   data arrival time

                        125.00  125.00   clock core_clock (rise edge)
                          0.00  125.00   clock source latency
     1    0.00    0.00    0.00  125.00 ^ clock_i (in)
                                         clock_i (net)
                  0.00    0.00  125.00 ^ clkbuf_0_clock_i/A (sg13g2_buf_1)
     2    0.01    0.04    0.06  125.06 ^ clkbuf_0_clock_i/X (sg13g2_buf_1)
                                         clknet_0_clock_i (net)
                  0.04    0.00  125.06 ^ clkbuf_1_0__f_clock_i/A (sg13g2_buf_1)
     2    0.01    0.04    0.08  125.14 ^ clkbuf_1_0__f_clock_i/X (sg13g2_buf_1)
                                         clknet_1_0__leaf_clock_i (net)
                  0.04    0.00  125.14 ^ counter_0.n18_q[0]$_DFF_PN0_/CLK (sg13g2_dfrbp_1)
                          0.00  125.14   clock reconvergence pessimism
                         -0.13  125.02   library recovery time
                                125.02   data required time
-----------------------------------------------------------------------------
                                125.02   data required time
                                -25.09   data arrival time
-----------------------------------------------------------------------------
                                 99.92   slack (MET)


Startpoint: counter_0.n18_q[0]$_DFF_PN0_
            (rising edge-triggered flip-flop clocked by core_clock)
Endpoint: counter_value_o[0] (output port clocked by core_clock)
Path Group: core_clock
Path Type: max

Fanout     Cap    Slew   Delay    Time   Description
-----------------------------------------------------------------------------
                          0.00    0.00   clock core_clock (rise edge)
                          0.00    0.00   clock source latency
     1    0.00    0.00    0.00    0.00 ^ clock_i (in)
                                         clock_i (net)
                  0.00    0.00    0.00 ^ clkbuf_0_clock_i/A (sg13g2_buf_1)
     2    0.01    0.04    0.06    0.06 ^ clkbuf_0_clock_i/X (sg13g2_buf_1)
                                         clknet_0_clock_i (net)
                  0.04    0.00    0.06 ^ clkbuf_1_0__f_clock_i/A (sg13g2_buf_1)
     2    0.01    0.04    0.08    0.14 ^ clkbuf_1_0__f_clock_i/X (sg13g2_buf_1)
                                         clknet_1_0__leaf_clock_i (net)
                  0.04    0.00    0.14 ^ counter_0.n18_q[0]$_DFF_PN0_/CLK (sg13g2_dfrbp_1)
     5    0.02    0.10    0.26    0.41 ^ counter_0.n18_q[0]$_DFF_PN0_/Q (sg13g2_dfrbp_1)
                                         net2 (net)
                  0.10    0.00    0.41 ^ output2/A (sg13g2_buf_1)
     1    0.00    0.02    0.08    0.49 ^ output2/X (sg13g2_buf_1)
                                         counter_value_o[0] (net)
                  0.02    0.00    0.49 ^ counter_value_o[0] (out)
                                  0.49   data arrival time

                        125.00  125.00   clock core_clock (rise edge)
                          0.00  125.00   clock network delay (propagated)
                          0.00  125.00   clock reconvergence pessimism
                        -25.00  100.00   output external delay
                                100.00   data required time
-----------------------------------------------------------------------------
                                100.00   data required time
                                 -0.49   data arrival time
-----------------------------------------------------------------------------
                                 99.51   slack (MET)



==========================================================================
global route report_checks -unconstrained
--------------------------------------------------------------------------
Startpoint: reset_n_i (input port clocked by core_clock)
Endpoint: counter_0.n18_q[0]$_DFF_PN0_
          (recovery check against rising-edge clock core_clock)
Path Group: asynchronous
Path Type: max

Fanout     Cap    Slew   Delay    Time   Description
-----------------------------------------------------------------------------
                          0.00    0.00   clock core_clock (rise edge)
                          0.00    0.00   clock network delay (propagated)
                         25.00   25.00 ^ input external delay
     1    0.00    0.00    0.00   25.00 ^ reset_n_i (in)
                                         reset_n_i (net)
                  0.00    0.00   25.00 ^ input1/A (sg13g2_buf_2)
     4    0.03    0.07    0.09   25.09 ^ input1/X (sg13g2_buf_2)
                                         net1 (net)
                  0.07    0.00   25.09 ^ counter_0.n18_q[0]$_DFF_PN0_/RESET_B (sg13g2_dfrbp_1)
                                 25.09   data arrival time

                        125.00  125.00   clock core_clock (rise edge)
                          0.00  125.00   clock source latency
     1    0.00    0.00    0.00  125.00 ^ clock_i (in)
                                         clock_i (net)
                  0.00    0.00  125.00 ^ clkbuf_0_clock_i/A (sg13g2_buf_1)
     2    0.01    0.04    0.06  125.06 ^ clkbuf_0_clock_i/X (sg13g2_buf_1)
                                         clknet_0_clock_i (net)
                  0.04    0.00  125.06 ^ clkbuf_1_0__f_clock_i/A (sg13g2_buf_1)
     2    0.01    0.04    0.08  125.14 ^ clkbuf_1_0__f_clock_i/X (sg13g2_buf_1)
                                         clknet_1_0__leaf_clock_i (net)
                  0.04    0.00  125.14 ^ counter_0.n18_q[0]$_DFF_PN0_/CLK (sg13g2_dfrbp_1)
                          0.00  125.14   clock reconvergence pessimism
                         -0.13  125.02   library recovery time
                                125.02   data required time
-----------------------------------------------------------------------------
                                125.02   data required time
                                -25.09   data arrival time
-----------------------------------------------------------------------------
                                 99.92   slack (MET)


Startpoint: counter_0.n18_q[0]$_DFF_PN0_
            (rising edge-triggered flip-flop clocked by core_clock)
Endpoint: counter_value_o[0] (output port clocked by core_clock)
Path Group: core_clock
Path Type: max

Fanout     Cap    Slew   Delay    Time   Description
-----------------------------------------------------------------------------
                          0.00    0.00   clock core_clock (rise edge)
                          0.00    0.00   clock source latency
     1    0.00    0.00    0.00    0.00 ^ clock_i (in)
                                         clock_i (net)
                  0.00    0.00    0.00 ^ clkbuf_0_clock_i/A (sg13g2_buf_1)
     2    0.01    0.04    0.06    0.06 ^ clkbuf_0_clock_i/X (sg13g2_buf_1)
                                         clknet_0_clock_i (net)
                  0.04    0.00    0.06 ^ clkbuf_1_0__f_clock_i/A (sg13g2_buf_1)
     2    0.01    0.04    0.08    0.14 ^ clkbuf_1_0__f_clock_i/X (sg13g2_buf_1)
                                         clknet_1_0__leaf_clock_i (net)
                  0.04    0.00    0.14 ^ counter_0.n18_q[0]$_DFF_PN0_/CLK (sg13g2_dfrbp_1)
     5    0.02    0.10    0.26    0.41 ^ counter_0.n18_q[0]$_DFF_PN0_/Q (sg13g2_dfrbp_1)
                                         net2 (net)
                  0.10    0.00    0.41 ^ output2/A (sg13g2_buf_1)
     1    0.00    0.02    0.08    0.49 ^ output2/X (sg13g2_buf_1)
                                         counter_value_o[0] (net)
                  0.02    0.00    0.49 ^ counter_value_o[0] (out)
                                  0.49   data arrival time

                        125.00  125.00   clock core_clock (rise edge)
                          0.00  125.00   clock network delay (propagated)
                          0.00  125.00   clock reconvergence pessimism
                        -25.00  100.00   output external delay
                                100.00   data required time
-----------------------------------------------------------------------------
                                100.00   data required time
                                 -0.49   data arrival time
-----------------------------------------------------------------------------
                                 99.51   slack (MET)



==========================================================================
global route report_check_types -max_slew -max_cap -max_fanout -violators
--------------------------------------------------------------------------

==========================================================================
global route max_slew_check_slack
--------------------------------------------------------------------------
2.4114391803741455

==========================================================================
global route max_slew_check_limit
--------------------------------------------------------------------------
2.5074000358581543

==========================================================================
global route max_slew_check_slack_limit
--------------------------------------------------------------------------
0.9617

==========================================================================
global route max_fanout_check_slack
--------------------------------------------------------------------------
3.0

==========================================================================
global route max_fanout_check_limit
--------------------------------------------------------------------------
8.0

==========================================================================
global route max_fanout_check_slack_limit
--------------------------------------------------------------------------
0.3750

==========================================================================
global route max_capacitance_check_slack
--------------------------------------------------------------------------
0.277954638004303

==========================================================================
global route max_capacitance_check_limit
--------------------------------------------------------------------------
0.30000001192092896

==========================================================================
global route max_capacitance_check_slack_limit
--------------------------------------------------------------------------
0.9265

==========================================================================
global route max_slew_violation_count
--------------------------------------------------------------------------
max slew violation count 0

==========================================================================
global route max_fanout_violation_count
--------------------------------------------------------------------------
max fanout violation count 0

==========================================================================
global route max_cap_violation_count
--------------------------------------------------------------------------
max cap violation count 0

==========================================================================
global route setup_violation_count
--------------------------------------------------------------------------
setup violation count 0

==========================================================================
global route hold_violation_count
--------------------------------------------------------------------------
hold violation count 0

==========================================================================
global route report_checks -path_delay max reg to reg
--------------------------------------------------------------------------
Startpoint: counter_0.n18_q[0]$_DFF_PN0_
            (rising edge-triggered flip-flop clocked by core_clock)
Endpoint: counter_0.n18_q[3]$_DFF_PN0_
          (rising edge-triggered flip-flop clocked by core_clock)
Path Group: core_clock
Path Type: max

  Delay    Time   Description
---------------------------------------------------------
   0.00    0.00   clock core_clock (rise edge)
   0.00    0.00   clock source latency
   0.00    0.00 ^ clock_i (in)
   0.06    0.06 ^ clkbuf_0_clock_i/X (sg13g2_buf_1)
   0.08    0.14 ^ clkbuf_1_0__f_clock_i/X (sg13g2_buf_1)
   0.00    0.14 ^ counter_0.n18_q[0]$_DFF_PN0_/CLK (sg13g2_dfrbp_1)
   0.26    0.41 ^ counter_0.n18_q[0]$_DFF_PN0_/Q (sg13g2_dfrbp_1)
   0.12    0.53 v _10_/Y (sg13g2_nand3_1)
   0.11    0.64 v _11_/Y (sg13g2_xnor2_1)
   0.00    0.64 v counter_0.n18_q[3]$_DFF_PN0_/D (sg13g2_dfrbp_1)
           0.64   data arrival time

 125.00  125.00   clock core_clock (rise edge)
   0.00  125.00   clock source latency
   0.00  125.00 ^ clock_i (in)
   0.06  125.06 ^ clkbuf_0_clock_i/X (sg13g2_buf_1)
   0.08  125.14 ^ clkbuf_1_1__f_clock_i/X (sg13g2_buf_1)
   0.00  125.14 ^ counter_0.n18_q[3]$_DFF_PN0_/CLK (sg13g2_dfrbp_1)
   0.00  125.14   clock reconvergence pessimism
  -0.12  125.03   library setup time
         125.03   data required time
---------------------------------------------------------
         125.03   data required time
          -0.64   data arrival time
---------------------------------------------------------
         124.39   slack (MET)



==========================================================================
global route report_checks -path_delay min reg to reg
--------------------------------------------------------------------------
Startpoint: counter_0.n18_q[0]$_DFF_PN0_
            (rising edge-triggered flip-flop clocked by core_clock)
Endpoint: counter_0.n18_q[0]$_DFF_PN0_
          (rising edge-triggered flip-flop clocked by core_clock)
Path Group: core_clock
Path Type: min

  Delay    Time   Description
---------------------------------------------------------
   0.00    0.00   clock core_clock (rise edge)
   0.00    0.00   clock source latency
   0.00    0.00 ^ clock_i (in)
   0.06    0.06 ^ clkbuf_0_clock_i/X (sg13g2_buf_1)
   0.08    0.14 ^ clkbuf_1_0__f_clock_i/X (sg13g2_buf_1)
   0.00    0.14 ^ counter_0.n18_q[0]$_DFF_PN0_/CLK (sg13g2_dfrbp_1)
   0.26    0.41 ^ counter_0.n18_q[0]$_DFF_PN0_/Q (sg13g2_dfrbp_1)
   0.04    0.45 v _06_/Y (sg13g2_inv_1)
   0.00    0.45 v counter_0.n18_q[0]$_DFF_PN0_/D (sg13g2_dfrbp_1)
           0.45   data arrival time

   0.00    0.00   clock core_clock (rise edge)
   0.00    0.00   clock source latency
   0.00    0.00 ^ clock_i (in)
   0.06    0.06 ^ clkbuf_0_clock_i/X (sg13g2_buf_1)
   0.08    0.14 ^ clkbuf_1_0__f_clock_i/X (sg13g2_buf_1)
   0.00    0.14 ^ counter_0.n18_q[0]$_DFF_PN0_/CLK (sg13g2_dfrbp_1)
   0.00    0.14   clock reconvergence pessimism
  -0.03    0.11   library hold time
           0.11   data required time
---------------------------------------------------------
           0.11   data required time
          -0.45   data arrival time
---------------------------------------------------------
           0.34   slack (MET)



==========================================================================
global route critical path target clock latency max path
--------------------------------------------------------------------------
0.1437

==========================================================================
global route critical path target clock latency min path
--------------------------------------------------------------------------
0.1441

==========================================================================
global route critical path source clock latency min path
--------------------------------------------------------------------------
0.0000

==========================================================================
global route critical path delay
--------------------------------------------------------------------------
0.4884

==========================================================================
global route critical path slack
--------------------------------------------------------------------------
99.5116

==========================================================================
global route slack div critical path delay
--------------------------------------------------------------------------
20375.020475

==========================================================================
global route report_power
--------------------------------------------------------------------------
Group                  Internal  Switching    Leakage      Total
                          Power      Power      Power      Power (Watts)
----------------------------------------------------------------
Sequential             1.65e-06   0.00e+00   2.05e-09   1.66e-06  74.0%
Combinational          8.25e-09   1.75e-08   1.38e-09   2.72e-08   1.2%
Clock                  2.79e-07   2.76e-07   3.31e-10   5.55e-07  24.8%
Macro                  0.00e+00   0.00e+00   0.00e+00   0.00e+00   0.0%
Pad                    0.00e+00   0.00e+00   0.00e+00   0.00e+00   0.0%
----------------------------------------------------------------
Total                  1.94e-06   2.93e-07   3.77e-09   2.24e-06 100.0%
                          86.7%      13.1%       0.2%
